e:\programming\c++\pantheios_logger\logger\logger\logger\debug\vc140.pdb
e:\programming\c++\pantheios_logger\logger\logger\logger\debug\vc140.idb
e:\programming\c++\pantheios_logger\logger\logger\logger\debug\logger.obj
e:\programming\c++\pantheios_logger\logger\logger\logger\debug\stdafx.obj
e:\programming\c++\pantheios_logger\logger\logger\logger\debug\implicit_link.obj
e:\svn\logger\logger\logger\debug\vc140.pdb
e:\svn\logger\logger\logger\debug\vc140.idb
e:\svn\logger\logger\logger\debug\implicit_link.obj
e:\svn\logger\logger\logger\debug\logger.obj
e:\svn\logger\logger\logger\debug\stdafx.obj
e:\programming\c++\pantheios_logger\logger\logger\debug\logger.ilk
e:\programming\c++\pantheios_logger\logger\logger\debug\logger.exe
e:\programming\c++\pantheios_logger\logger\logger\debug\logger.pdb
e:\svn\logger\logger\debug\logger.ilk
e:\svn\logger\logger\debug\logger.exe
e:\svn\logger\logger\debug\logger.pdb
e:\svn\logger\logger\logger\debug\logger.tlog\cl.command.1.tlog
e:\svn\logger\logger\logger\debug\logger.tlog\cl.read.1.tlog
e:\svn\logger\logger\logger\debug\logger.tlog\cl.write.1.tlog
e:\svn\logger\logger\logger\debug\logger.tlog\link.command.1.tlog
e:\svn\logger\logger\logger\debug\logger.tlog\link.read.1.tlog
e:\svn\logger\logger\logger\debug\logger.tlog\link.write.1.tlog
